{"C:\\Users\\LENOVO\\Desktop\\InternshipWork\\todolist-app\\src\\App.tsx": {"path":"C:\\Users\\LENOVO\\Desktop\\InternshipWork\\todolist-app\\src\\App.tsx","statementMap":{"0":{"start":{"line":1,"column":0},"end":{"line":1,"column":56}},"1":{"start":{"line":2,"column":0},"end":{"line":2,"column":57}},"2":{"start":{"line":4,"column":2},"end":{"line":8,"column":4}},"3":{"start":{"line":11,"column":0},"end":{"line":11,"column":19}}},"fnMap":{"0":{"name":"App","decl":{"start":{"line":3,"column":9},"end":{"line":3,"column":12}},"loc":{"start":{"line":3,"column":12},"end":{"line":9,"column":1}}}},"branchMap":{},"s":{"0":0,"1":0,"2":0,"3":0},"f":{"0":0},"b":{}}
,"C:\\Users\\LENOVO\\Desktop\\InternshipWork\\todolist-app\\src\\components\\layout\\Header.tsx": {"path":"C:\\Users\\LENOVO\\Desktop\\InternshipWork\\todolist-app\\src\\components\\layout\\Header.tsx","statementMap":{"0":{"start":{"line":2,"column":0},"end":{"line":2,"column":24}},"1":{"start":{"line":3,"column":2},"end":{"line":3,"column":72}}},"fnMap":{"0":{"name":"Header","decl":{"start":{"line":2,"column":24},"end":{"line":2,"column":30}},"loc":{"start":{"line":2,"column":30},"end":{"line":4,"column":1}}}},"branchMap":{},"s":{"0":0,"1":0},"f":{"0":0},"b":{}}
,"C:\\Users\\LENOVO\\Desktop\\InternshipWork\\todolist-app\\src\\components\\layout\\MainLayout.tsx": {"path":"C:\\Users\\LENOVO\\Desktop\\InternshipWork\\todolist-app\\src\\components\\layout\\MainLayout.tsx","statementMap":{"0":{"start":{"line":1,"column":0},"end":{"line":1,"column":30}},"1":{"start":{"line":7,"column":2},"end":{"line":14,"column":null}},"2":{"start":{"line":17,"column":0},"end":{"line":17,"column":null}}},"fnMap":{"0":{"name":"MainLayout","decl":{"start":{"line":6,"column":9},"end":{"line":6,"column":19}},"loc":{"start":{"line":6,"column":51},"end":{"line":15,"column":1}}}},"branchMap":{},"s":{"0":0,"1":0,"2":0},"f":{"0":0},"b":{}}
,"C:\\Users\\LENOVO\\Desktop\\InternshipWork\\todolist-app\\src\\components\\todo\\TodoInput.tsx": {"path":"C:\\Users\\LENOVO\\Desktop\\InternshipWork\\todolist-app\\src\\components\\todo\\TodoInput.tsx","statementMap":{"0":{"start":{"line":1,"column":0},"end":{"line":1,"column":49}},"1":{"start":{"line":2,"column":0},"end":{"line":2,"column":34}},"2":{"start":{"line":8,"column":34},"end":{"line":8,"column":46}},"3":{"start":{"line":9,"column":25},"end":{"line":13,"column":3}},"4":{"start":{"line":10,"column":4},"end":{"line":10,"column":23}},"5":{"start":{"line":11,"column":4},"end":{"line":11,"column":24}},"6":{"start":{"line":12,"column":4},"end":{"line":12,"column":20}},"7":{"start":{"line":14,"column":2},"end":{"line":43,"column":4}},"8":{"start":{"line":33,"column":23},"end":{"line":33,"column":50}},"9":{"start":{"line":46,"column":0},"end":{"line":46,"column":25}}},"fnMap":{"0":{"name":"TodoInput","decl":{"start":{"line":7,"column":9},"end":{"line":7,"column":18}},"loc":{"start":{"line":7,"column":48},"end":{"line":44,"column":1}}},"1":{"name":"(anonymous_2)","decl":{"start":{"line":9,"column":25},"end":{"line":9,"column":26}},"loc":{"start":{"line":9,"column":59},"end":{"line":13,"column":3}}},"2":{"name":"(anonymous_3)","decl":{"start":{"line":33,"column":18},"end":{"line":33,"column":19}},"loc":{"start":{"line":33,"column":23},"end":{"line":33,"column":50}}}},"branchMap":{},"s":{"0":0,"1":0,"2":0,"3":0,"4":0,"5":0,"6":0,"7":0,"8":0,"9":0},"f":{"0":0,"1":0,"2":0},"b":{}}
,"C:\\Users\\LENOVO\\Desktop\\InternshipWork\\todolist-app\\src\\components\\todo\\TodoItem.tsx": {"path":"C:\\Users\\LENOVO\\Desktop\\InternshipWork\\todolist-app\\src\\components\\todo\\TodoItem.tsx","statementMap":{"0":{"start":{"line":11,"column":0},"end":{"line":11,"column":24}},"1":{"start":{"line":3,"column":0},"end":{"line":3,"column":34}},"2":{"start":{"line":12,"column":2},"end":{"line":34,"column":4}},"3":{"start":{"line":17,"column":24},"end":{"line":17,"column":41}},"4":{"start":{"line":22,"column":23},"end":{"line":22,"column":40}}},"fnMap":{"0":{"name":"TodoItem","decl":{"start":{"line":11,"column":24},"end":{"line":11,"column":32}},"loc":{"start":{"line":11,"column":86},"end":{"line":35,"column":1}}},"1":{"name":"(anonymous_2)","decl":{"start":{"line":17,"column":18},"end":{"line":17,"column":21}},"loc":{"start":{"line":17,"column":24},"end":{"line":17,"column":41}}},"2":{"name":"(anonymous_3)","decl":{"start":{"line":22,"column":17},"end":{"line":22,"column":20}},"loc":{"start":{"line":22,"column":23},"end":{"line":22,"column":40}}}},"branchMap":{"0":{"loc":{"start":{"line":20,"column":23},"end":{"line":20,"column":75}},"type":"cond-expr","locations":[{"start":{"line":20,"column":42},"end":{"line":20,"column":70}},{"start":{"line":20,"column":73},"end":{"line":20,"column":75}}]}},"s":{"0":1,"1":1,"2":12,"3":2,"4":1},"f":{"0":12,"1":2,"2":1},"b":{"0":[2,10]}}
,"C:\\Users\\LENOVO\\Desktop\\InternshipWork\\todolist-app\\src\\components\\todo\\TodoList.tsx": {"path":"C:\\Users\\LENOVO\\Desktop\\InternshipWork\\todolist-app\\src\\components\\todo\\TodoList.tsx","statementMap":{"0":{"start":{"line":10,"column":0},"end":{"line":10,"column":24}},"1":{"start":{"line":2,"column":0},"end":{"line":2,"column":34}},"2":{"start":{"line":11,"column":2},"end":{"line":17,"column":3}},"3":{"start":{"line":12,"column":4},"end":{"line":16,"column":6}},"4":{"start":{"line":19,"column":2},"end":{"line":25,"column":4}},"5":{"start":{"line":22,"column":8},"end":{"line":22,"column":32}}},"fnMap":{"0":{"name":"TodoList","decl":{"start":{"line":10,"column":24},"end":{"line":10,"column":32}},"loc":{"start":{"line":10,"column":77},"end":{"line":26,"column":1}}},"1":{"name":"(anonymous_2)","decl":{"start":{"line":21,"column":17},"end":{"line":21,"column":21}},"loc":{"start":{"line":22,"column":8},"end":{"line":22,"column":32}}}},"branchMap":{"0":{"loc":{"start":{"line":11,"column":2},"end":{"line":17,"column":3}},"type":"if","locations":[{"start":{"line":11,"column":2},"end":{"line":17,"column":3}}]}},"s":{"0":0,"1":0,"2":0,"3":0,"4":0,"5":0},"f":{"0":0,"1":0},"b":{"0":[0]}}
,"C:\\Users\\LENOVO\\Desktop\\InternshipWork\\todolist-app\\src\\components\\todo\\index.ts": {"path":"C:\\Users\\LENOVO\\Desktop\\InternshipWork\\todolist-app\\src\\components\\todo\\index.ts","statementMap":{"0":{"start":{"line":1,"column":0},"end":{"line":1,"column":9}},"1":{"start":{"line":1,"column":9},"end":{"line":1,"column":29}},"2":{"start":{"line":2,"column":0},"end":{"line":2,"column":9}},"3":{"start":{"line":2,"column":9},"end":{"line":2,"column":28}},"4":{"start":{"line":3,"column":0},"end":{"line":3,"column":9}},"5":{"start":{"line":3,"column":9},"end":{"line":3,"column":28}}},"fnMap":{"0":{"name":"(anonymous_1)","decl":{"start":{"line":1,"column":9},"end":{"line":1,"column":16}},"loc":{"start":{"line":1,"column":9},"end":{"line":1,"column":29}}},"1":{"name":"(anonymous_2)","decl":{"start":{"line":2,"column":9},"end":{"line":2,"column":16}},"loc":{"start":{"line":2,"column":9},"end":{"line":2,"column":28}}},"2":{"name":"(anonymous_3)","decl":{"start":{"line":3,"column":9},"end":{"line":3,"column":16}},"loc":{"start":{"line":3,"column":9},"end":{"line":3,"column":28}}}},"branchMap":{},"s":{"0":0,"1":0,"2":0,"3":0,"4":0,"5":0},"f":{"0":0,"1":0,"2":0},"b":{}}
,"C:\\Users\\LENOVO\\Desktop\\InternshipWork\\todolist-app\\src\\components\\ui\\Button.tsx": {"path":"C:\\Users\\LENOVO\\Desktop\\InternshipWork\\todolist-app\\src\\components\\ui\\Button.tsx","statementMap":{"0":{"start":{"line":6,"column":2},"end":{"line":13,"column":4}},"1":{"start":{"line":15,"column":0},"end":{"line":15,"column":22}}},"fnMap":{"0":{"name":"Button","decl":{"start":{"line":5,"column":9},"end":{"line":5,"column":15}},"loc":{"start":{"line":5,"column":62},"end":{"line":14,"column":1}}}},"branchMap":{},"s":{"0":0,"1":0},"f":{"0":0},"b":{}}
,"C:\\Users\\LENOVO\\Desktop\\InternshipWork\\todolist-app\\src\\features\\todos\\TodoReducer.ts": {"path":"C:\\Users\\LENOVO\\Desktop\\InternshipWork\\todolist-app\\src\\features\\todos\\TodoReducer.ts","statementMap":{"0":{"start":{"line":9,"column":0},"end":{"line":9,"column":16}},"1":{"start":{"line":10,"column":2},"end":{"line":26,"column":3}},"2":{"start":{"line":12,"column":6},"end":{"line":15,"column":8}},"3":{"start":{"line":17,"column":6},"end":{"line":17,"column":62}},"4":{"start":{"line":17,"column":34},"end":{"line":17,"column":60}},"5":{"start":{"line":19,"column":6},"end":{"line":21,"column":8}},"6":{"start":{"line":20,"column":8},"end":{"line":20,"column":87}},"7":{"start":{"line":23,"column":6},"end":{"line":23,"column":28}},"8":{"start":{"line":25,"column":6},"end":{"line":25,"column":19}}},"fnMap":{"0":{"name":"todoReducer","decl":{"start":{"line":9,"column":16},"end":{"line":9,"column":27}},"loc":{"start":{"line":9,"column":57},"end":{"line":27,"column":1}}},"1":{"name":"(anonymous_1)","decl":{"start":{"line":17,"column":26},"end":{"line":17,"column":30}},"loc":{"start":{"line":17,"column":34},"end":{"line":17,"column":60}}},"2":{"name":"(anonymous_2)","decl":{"start":{"line":19,"column":23},"end":{"line":19,"column":27}},"loc":{"start":{"line":20,"column":8},"end":{"line":20,"column":87}}}},"branchMap":{"0":{"loc":{"start":{"line":10,"column":2},"end":{"line":26,"column":3}},"type":"switch","locations":[{"start":{"line":11,"column":4},"end":{"line":15,"column":8}},{"start":{"line":16,"column":4},"end":{"line":17,"column":62}},{"start":{"line":18,"column":4},"end":{"line":21,"column":8}},{"start":{"line":22,"column":4},"end":{"line":23,"column":28}},{"start":{"line":24,"column":4},"end":{"line":25,"column":19}}]},"1":{"loc":{"start":{"line":20,"column":8},"end":{"line":20,"column":87}},"type":"cond-expr","locations":[{"start":{"line":20,"column":37},"end":{"line":20,"column":80}},{"start":{"line":20,"column":83},"end":{"line":20,"column":87}}]}},"s":{"0":0,"1":0,"2":0,"3":0,"4":0,"5":0,"6":0,"7":0,"8":0},"f":{"0":0,"1":0,"2":0},"b":{"0":[0,0,0,0,0],"1":[0,0]}}
,"C:\\Users\\LENOVO\\Desktop\\InternshipWork\\todolist-app\\src\\features\\todos\\TodosSection.tsx": {"path":"C:\\Users\\LENOVO\\Desktop\\InternshipWork\\todolist-app\\src\\features\\todos\\TodosSection.tsx","statementMap":{"0":{"start":{"line":5,"column":0},"end":{"line":5,"column":24}},"1":{"start":{"line":1,"column":0},"end":{"line":1,"column":56}},"2":{"start":{"line":2,"column":0},"end":{"line":2,"column":54}},"3":{"start":{"line":3,"column":0},"end":{"line":3,"column":44}},"4":{"start":{"line":6,"column":70},"end":{"line":6,"column":80}},"5":{"start":{"line":8,"column":2},"end":{"line":34,"column":4}}},"fnMap":{"0":{"name":"TodosSection","decl":{"start":{"line":5,"column":24},"end":{"line":5,"column":36}},"loc":{"start":{"line":5,"column":36},"end":{"line":35,"column":1}}}},"branchMap":{"0":{"loc":{"start":{"line":12,"column":7},"end":{"line":30,"column":null}},"type":"binary-expr","locations":[{"start":{"line":12,"column":7},"end":{"line":12,"column":16}},{"start":{"line":13,"column":8},"end":{"line":29,"column":null}}]}},"s":{"0":0,"1":0,"2":0,"3":0,"4":0,"5":0},"f":{"0":0},"b":{"0":[0,0]}}
,"C:\\Users\\LENOVO\\Desktop\\InternshipWork\\todolist-app\\src\\features\\todos\\hooks\\useTodos.ts": {"path":"C:\\Users\\LENOVO\\Desktop\\InternshipWork\\todolist-app\\src\\features\\todos\\hooks\\useTodos.ts","statementMap":{"0":{"start":{"line":8,"column":0},"end":{"line":8,"column":16}},"1":{"start":{"line":1,"column":0},"end":{"line":1,"column":56}},"2":{"start":{"line":3,"column":0},"end":{"line":3,"column":72}},"3":{"start":{"line":4,"column":0},"end":{"line":4,"column":46}},"4":{"start":{"line":6,"column":20},"end":{"line":6,"column":36}},"5":{"start":{"line":9,"column":28},"end":{"line":9,"column":55}},"6":{"start":{"line":10,"column":36},"end":{"line":10,"column":50}},"7":{"start":{"line":11,"column":2},"end":{"line":19,"column":8}},"8":{"start":{"line":12,"column":18},"end":{"line":17,"column":12}},"9":{"start":{"line":13,"column":26},"end":{"line":13,"column":66}},"10":{"start":{"line":14,"column":6},"end":{"line":14,"column":59}},"11":{"start":{"line":15,"column":6},"end":{"line":15,"column":37}},"12":{"start":{"line":16,"column":6},"end":{"line":16,"column":26}},"13":{"start":{"line":18,"column":4},"end":{"line":18,"column":37}},"14":{"start":{"line":18,"column":17},"end":{"line":18,"column":36}},"15":{"start":{"line":21,"column":2},"end":{"line":30,"column":25}},"16":{"start":{"line":22,"column":4},"end":{"line":29,"column":5}},"17":{"start":{"line":23,"column":6},"end":{"line":28,"column":7}},"18":{"start":{"line":24,"column":8},"end":{"line":24,"column":42}},"19":{"start":{"line":25,"column":8},"end":{"line":25,"column":38}},"20":{"start":{"line":27,"column":8},"end":{"line":27,"column":27}},"21":{"start":{"line":32,"column":20},"end":{"line":36,"column":3}},"22":{"start":{"line":33,"column":4},"end":{"line":35,"column":5}},"23":{"start":{"line":34,"column":6},"end":{"line":34,"column":53}},"24":{"start":{"line":37,"column":23},"end":{"line":39,"column":3}},"25":{"start":{"line":38,"column":4},"end":{"line":38,"column":51}},"26":{"start":{"line":41,"column":23},"end":{"line":43,"column":3}},"27":{"start":{"line":42,"column":4},"end":{"line":42,"column":51}},"28":{"start":{"line":45,"column":2},"end":{"line":51,"column":4}}},"fnMap":{"0":{"name":"useTodos","decl":{"start":{"line":8,"column":16},"end":{"line":8,"column":24}},"loc":{"start":{"line":8,"column":24},"end":{"line":52,"column":1}}},"1":{"name":"(anonymous_1)","decl":{"start":{"line":11,"column":12},"end":{"line":11,"column":15}},"loc":{"start":{"line":11,"column":17},"end":{"line":19,"column":3}}},"2":{"name":"(anonymous_2)","decl":{"start":{"line":12,"column":29},"end":{"line":12,"column":32}},"loc":{"start":{"line":12,"column":34},"end":{"line":17,"column":5}}},"3":{"name":"(anonymous_3)","decl":{"start":{"line":18,"column":11},"end":{"line":18,"column":14}},"loc":{"start":{"line":18,"column":17},"end":{"line":18,"column":36}}},"4":{"name":"(anonymous_4)","decl":{"start":{"line":21,"column":12},"end":{"line":21,"column":15}},"loc":{"start":{"line":21,"column":17},"end":{"line":30,"column":3}}},"5":{"name":"(anonymous_5)","decl":{"start":{"line":32,"column":20},"end":{"line":32,"column":21}},"loc":{"start":{"line":32,"column":38},"end":{"line":36,"column":3}}},"6":{"name":"(anonymous_6)","decl":{"start":{"line":37,"column":23},"end":{"line":37,"column":24}},"loc":{"start":{"line":37,"column":38},"end":{"line":39,"column":3}}},"7":{"name":"(anonymous_7)","decl":{"start":{"line":41,"column":23},"end":{"line":41,"column":24}},"loc":{"start":{"line":41,"column":38},"end":{"line":43,"column":3}}}},"branchMap":{"0":{"loc":{"start":{"line":22,"column":4},"end":{"line":29,"column":5}},"type":"if","locations":[{"start":{"line":22,"column":4},"end":{"line":29,"column":5}}]},"1":{"loc":{"start":{"line":33,"column":4},"end":{"line":35,"column":5}},"type":"if","locations":[{"start":{"line":33,"column":4},"end":{"line":35,"column":5}}]}},"s":{"0":0,"1":0,"2":0,"3":0,"4":0,"5":0,"6":0,"7":0,"8":0,"9":0,"10":0,"11":0,"12":0,"13":0,"14":0,"15":0,"16":0,"17":0,"18":0,"19":0,"20":0,"21":0,"22":0,"23":0,"24":0,"25":0,"26":0,"27":0,"28":0},"f":{"0":0,"1":0,"2":0,"3":0,"4":0,"5":0,"6":0,"7":0},"b":{"0":[0],"1":[0]}}
,"C:\\Users\\LENOVO\\Desktop\\InternshipWork\\todolist-app\\src\\utils\\Storage.ts": {"path":"C:\\Users\\LENOVO\\Desktop\\InternshipWork\\todolist-app\\src\\utils\\Storage.ts","statementMap":{"0":{"start":{"line":2,"column":29},"end":{"line":8,"column":1}},"1":{"start":{"line":3,"column":2},"end":{"line":7,"column":3}},"2":{"start":{"line":4,"column":4},"end":{"line":4,"column":52}},"3":{"start":{"line":6,"column":4},"end":{"line":6,"column":58}},"4":{"start":{"line":2,"column":13},"end":{"line":2,"column":29}},"5":{"start":{"line":11,"column":31},"end":{"line":19,"column":1}},"6":{"start":{"line":12,"column":2},"end":{"line":18,"column":3}},"7":{"start":{"line":13,"column":23},"end":{"line":13,"column":48}},"8":{"start":{"line":14,"column":4},"end":{"line":14,"column":62}},"9":{"start":{"line":16,"column":4},"end":{"line":16,"column":61}},"10":{"start":{"line":17,"column":4},"end":{"line":17,"column":24}},"11":{"start":{"line":11,"column":13},"end":{"line":11,"column":31}}},"fnMap":{"0":{"name":"(anonymous_0)","decl":{"start":{"line":2,"column":29},"end":{"line":2,"column":33}},"loc":{"start":{"line":2,"column":63},"end":{"line":8,"column":1}}},"1":{"name":"(anonymous_1)","decl":{"start":{"line":11,"column":31},"end":{"line":11,"column":35}},"loc":{"start":{"line":11,"column":70},"end":{"line":19,"column":1}}}},"branchMap":{"0":{"loc":{"start":{"line":14,"column":11},"end":{"line":14,"column":61}},"type":"cond-expr","locations":[{"start":{"line":14,"column":24},"end":{"line":14,"column":46}},{"start":{"line":14,"column":49},"end":{"line":14,"column":61}}]}},"s":{"0":0,"1":0,"2":0,"3":0,"4":0,"5":0,"6":0,"7":0,"8":0,"9":0,"10":0,"11":0},"f":{"0":0,"1":0},"b":{"0":[0,0]}}
}
