{"C:\\Users\\LENOVO\\Desktop\\InternshipWork\\todolist-app\\src\\App.tsx": {"path":"C:\\Users\\LENOVO\\Desktop\\InternshipWork\\todolist-app\\src\\App.tsx","statementMap":{"0":{"start":{"line":1,"column":0},"end":{"line":1,"column":56}},"1":{"start":{"line":2,"column":0},"end":{"line":2,"column":57}},"2":{"start":{"line":4,"column":2},"end":{"line":8,"column":4}},"3":{"start":{"line":11,"column":0},"end":{"line":11,"column":19}}},"fnMap":{"0":{"name":"App","decl":{"start":{"line":3,"column":9},"end":{"line":3,"column":12}},"loc":{"start":{"line":3,"column":12},"end":{"line":9,"column":1}}}},"branchMap":{},"s":{"0":0,"1":0,"2":0,"3":0},"f":{"0":0},"b":{}}
,"C:\\Users\\LENOVO\\Desktop\\InternshipWork\\todolist-app\\src\\components\\layout\\MainLayout.tsx": {"path":"C:\\Users\\LENOVO\\Desktop\\InternshipWork\\todolist-app\\src\\components\\layout\\MainLayout.tsx","statementMap":{"0":{"start":{"line":1,"column":0},"end":{"line":1,"column":30}},"1":{"start":{"line":7,"column":2},"end":{"line":14,"column":null}},"2":{"start":{"line":17,"column":0},"end":{"line":17,"column":null}}},"fnMap":{"0":{"name":"MainLayout","decl":{"start":{"line":6,"column":9},"end":{"line":6,"column":19}},"loc":{"start":{"line":6,"column":51},"end":{"line":15,"column":1}}}},"branchMap":{},"s":{"0":0,"1":0,"2":0},"f":{"0":0},"b":{}}
,"C:\\Users\\LENOVO\\Desktop\\InternshipWork\\todolist-app\\src\\components\\todo\\TodoInput.tsx": {"path":"C:\\Users\\LENOVO\\Desktop\\InternshipWork\\todolist-app\\src\\components\\todo\\TodoInput.tsx","statementMap":{"0":{"start":{"line":1,"column":0},"end":{"line":1,"column":49}},"1":{"start":{"line":2,"column":0},"end":{"line":2,"column":34}},"2":{"start":{"line":8,"column":34},"end":{"line":8,"column":46}},"3":{"start":{"line":9,"column":25},"end":{"line":13,"column":3}},"4":{"start":{"line":10,"column":4},"end":{"line":10,"column":23}},"5":{"start":{"line":11,"column":4},"end":{"line":11,"column":24}},"6":{"start":{"line":12,"column":4},"end":{"line":12,"column":20}},"7":{"start":{"line":14,"column":2},"end":{"line":43,"column":4}},"8":{"start":{"line":33,"column":23},"end":{"line":33,"column":50}},"9":{"start":{"line":46,"column":0},"end":{"line":46,"column":25}}},"fnMap":{"0":{"name":"TodoInput","decl":{"start":{"line":7,"column":9},"end":{"line":7,"column":18}},"loc":{"start":{"line":7,"column":48},"end":{"line":44,"column":1}}},"1":{"name":"(anonymous_2)","decl":{"start":{"line":9,"column":25},"end":{"line":9,"column":26}},"loc":{"start":{"line":9,"column":59},"end":{"line":13,"column":3}}},"2":{"name":"(anonymous_3)","decl":{"start":{"line":33,"column":18},"end":{"line":33,"column":19}},"loc":{"start":{"line":33,"column":23},"end":{"line":33,"column":50}}}},"branchMap":{},"s":{"0":1,"1":1,"2":1,"3":1,"4":1,"5":1,"6":1,"7":1,"8":0,"9":1},"f":{"0":1,"1":1,"2":0},"b":{}}
,"C:\\Users\\LENOVO\\Desktop\\InternshipWork\\todolist-app\\src\\components\\todo\\TodoItem.tsx": {"path":"C:\\Users\\LENOVO\\Desktop\\InternshipWork\\todolist-app\\src\\components\\todo\\TodoItem.tsx","statementMap":{"0":{"start":{"line":11,"column":0},"end":{"line":11,"column":24}},"1":{"start":{"line":3,"column":0},"end":{"line":3,"column":34}},"2":{"start":{"line":12,"column":2},"end":{"line":29,"column":4}},"3":{"start":{"line":17,"column":24},"end":{"line":17,"column":41}},"4":{"start":{"line":22,"column":23},"end":{"line":22,"column":40}}},"fnMap":{"0":{"name":"TodoItem","decl":{"start":{"line":11,"column":24},"end":{"line":11,"column":32}},"loc":{"start":{"line":11,"column":86},"end":{"line":30,"column":1}}},"1":{"name":"(anonymous_2)","decl":{"start":{"line":17,"column":18},"end":{"line":17,"column":21}},"loc":{"start":{"line":17,"column":24},"end":{"line":17,"column":41}}},"2":{"name":"(anonymous_3)","decl":{"start":{"line":22,"column":17},"end":{"line":22,"column":20}},"loc":{"start":{"line":22,"column":23},"end":{"line":22,"column":40}}}},"branchMap":{"0":{"loc":{"start":{"line":20,"column":23},"end":{"line":20,"column":75}},"type":"cond-expr","locations":[{"start":{"line":20,"column":42},"end":{"line":20,"column":70}},{"start":{"line":20,"column":73},"end":{"line":20,"column":75}}]}},"s":{"0":2,"1":2,"2":0,"3":0,"4":0},"f":{"0":0,"1":0,"2":0},"b":{"0":[0,0]}}
,"C:\\Users\\LENOVO\\Desktop\\InternshipWork\\todolist-app\\src\\components\\todo\\TodoList.tsx": {"path":"C:\\Users\\LENOVO\\Desktop\\InternshipWork\\todolist-app\\src\\components\\todo\\TodoList.tsx","statementMap":{"0":{"start":{"line":10,"column":0},"end":{"line":10,"column":24}},"1":{"start":{"line":2,"column":0},"end":{"line":2,"column":34}},"2":{"start":{"line":11,"column":2},"end":{"line":17,"column":3}},"3":{"start":{"line":12,"column":4},"end":{"line":16,"column":6}},"4":{"start":{"line":19,"column":2},"end":{"line":25,"column":4}},"5":{"start":{"line":22,"column":8},"end":{"line":22,"column":32}}},"fnMap":{"0":{"name":"TodoList","decl":{"start":{"line":10,"column":24},"end":{"line":10,"column":32}},"loc":{"start":{"line":10,"column":77},"end":{"line":26,"column":1}}},"1":{"name":"(anonymous_2)","decl":{"start":{"line":21,"column":17},"end":{"line":21,"column":21}},"loc":{"start":{"line":22,"column":8},"end":{"line":22,"column":32}}}},"branchMap":{"0":{"loc":{"start":{"line":11,"column":2},"end":{"line":17,"column":3}},"type":"if","locations":[{"start":{"line":11,"column":2},"end":{"line":17,"column":3}}]}},"s":{"0":1,"1":1,"2":0,"3":0,"4":0,"5":0},"f":{"0":0,"1":0},"b":{"0":[0]}}
,"C:\\Users\\LENOVO\\Desktop\\InternshipWork\\todolist-app\\src\\features\\todos\\TodosSection.tsx": {"path":"C:\\Users\\LENOVO\\Desktop\\InternshipWork\\todolist-app\\src\\features\\todos\\TodosSection.tsx","statementMap":{"0":{"start":{"line":5,"column":0},"end":{"line":5,"column":24}},"1":{"start":{"line":1,"column":0},"end":{"line":1,"column":56}},"2":{"start":{"line":2,"column":0},"end":{"line":2,"column":54}},"3":{"start":{"line":3,"column":0},"end":{"line":3,"column":44}},"4":{"start":{"line":6,"column":70},"end":{"line":6,"column":80}},"5":{"start":{"line":8,"column":2},"end":{"line":34,"column":4}}},"fnMap":{"0":{"name":"TodosSection","decl":{"start":{"line":5,"column":24},"end":{"line":5,"column":36}},"loc":{"start":{"line":5,"column":36},"end":{"line":35,"column":1}}}},"branchMap":{"0":{"loc":{"start":{"line":12,"column":7},"end":{"line":30,"column":null}},"type":"binary-expr","locations":[{"start":{"line":12,"column":7},"end":{"line":12,"column":16}},{"start":{"line":13,"column":8},"end":{"line":29,"column":null}}]}},"s":{"0":0,"1":0,"2":0,"3":0,"4":0,"5":0},"f":{"0":0},"b":{"0":[0,0]}}
,"C:\\Users\\LENOVO\\Desktop\\InternshipWork\\todolist-app\\src\\features\\todos\\hooks\\useTodos.ts": {"path":"C:\\Users\\LENOVO\\Desktop\\InternshipWork\\todolist-app\\src\\features\\todos\\hooks\\useTodos.ts","statementMap":{"0":{"start":{"line":33,"column":0},"end":{"line":33,"column":16}},"1":{"start":{"line":1,"column":0},"end":{"line":1,"column":56}},"2":{"start":{"line":3,"column":0},"end":{"line":3,"column":72}},"3":{"start":{"line":5,"column":20},"end":{"line":5,"column":36}},"4":{"start":{"line":14,"column":2},"end":{"line":30,"column":3}},"5":{"start":{"line":16,"column":6},"end":{"line":19,"column":8}},"6":{"start":{"line":21,"column":6},"end":{"line":21,"column":62}},"7":{"start":{"line":21,"column":34},"end":{"line":21,"column":60}},"8":{"start":{"line":23,"column":6},"end":{"line":25,"column":8}},"9":{"start":{"line":24,"column":8},"end":{"line":24,"column":87}},"10":{"start":{"line":27,"column":6},"end":{"line":27,"column":28}},"11":{"start":{"line":29,"column":6},"end":{"line":29,"column":19}},"12":{"start":{"line":34,"column":28},"end":{"line":34,"column":55}},"13":{"start":{"line":35,"column":36},"end":{"line":35,"column":50}},"14":{"start":{"line":36,"column":2},"end":{"line":44,"column":8}},"15":{"start":{"line":37,"column":18},"end":{"line":42,"column":12}},"16":{"start":{"line":38,"column":26},"end":{"line":38,"column":66}},"17":{"start":{"line":39,"column":6},"end":{"line":39,"column":59}},"18":{"start":{"line":40,"column":6},"end":{"line":40,"column":37}},"19":{"start":{"line":41,"column":6},"end":{"line":41,"column":26}},"20":{"start":{"line":43,"column":4},"end":{"line":43,"column":37}},"21":{"start":{"line":43,"column":17},"end":{"line":43,"column":36}},"22":{"start":{"line":46,"column":2},"end":{"line":55,"column":25}},"23":{"start":{"line":47,"column":4},"end":{"line":54,"column":5}},"24":{"start":{"line":48,"column":6},"end":{"line":53,"column":7}},"25":{"start":{"line":49,"column":8},"end":{"line":49,"column":42}},"26":{"start":{"line":50,"column":8},"end":{"line":50,"column":38}},"27":{"start":{"line":52,"column":8},"end":{"line":52,"column":27}},"28":{"start":{"line":57,"column":20},"end":{"line":61,"column":3}},"29":{"start":{"line":58,"column":4},"end":{"line":60,"column":5}},"30":{"start":{"line":59,"column":6},"end":{"line":59,"column":53}},"31":{"start":{"line":62,"column":23},"end":{"line":64,"column":3}},"32":{"start":{"line":63,"column":4},"end":{"line":63,"column":51}},"33":{"start":{"line":66,"column":23},"end":{"line":68,"column":3}},"34":{"start":{"line":67,"column":4},"end":{"line":67,"column":51}},"35":{"start":{"line":70,"column":2},"end":{"line":76,"column":4}}},"fnMap":{"0":{"name":"todoReducer","decl":{"start":{"line":13,"column":9},"end":{"line":13,"column":20}},"loc":{"start":{"line":13,"column":50},"end":{"line":31,"column":1}}},"1":{"name":"(anonymous_1)","decl":{"start":{"line":21,"column":26},"end":{"line":21,"column":30}},"loc":{"start":{"line":21,"column":34},"end":{"line":21,"column":60}}},"2":{"name":"(anonymous_2)","decl":{"start":{"line":23,"column":23},"end":{"line":23,"column":27}},"loc":{"start":{"line":24,"column":8},"end":{"line":24,"column":87}}},"3":{"name":"useTodos","decl":{"start":{"line":33,"column":16},"end":{"line":33,"column":24}},"loc":{"start":{"line":33,"column":24},"end":{"line":77,"column":1}}},"4":{"name":"(anonymous_4)","decl":{"start":{"line":36,"column":12},"end":{"line":36,"column":15}},"loc":{"start":{"line":36,"column":17},"end":{"line":44,"column":3}}},"5":{"name":"(anonymous_5)","decl":{"start":{"line":37,"column":29},"end":{"line":37,"column":32}},"loc":{"start":{"line":37,"column":34},"end":{"line":42,"column":5}}},"6":{"name":"(anonymous_6)","decl":{"start":{"line":43,"column":11},"end":{"line":43,"column":14}},"loc":{"start":{"line":43,"column":17},"end":{"line":43,"column":36}}},"7":{"name":"(anonymous_7)","decl":{"start":{"line":46,"column":12},"end":{"line":46,"column":15}},"loc":{"start":{"line":46,"column":17},"end":{"line":55,"column":3}}},"8":{"name":"(anonymous_8)","decl":{"start":{"line":57,"column":20},"end":{"line":57,"column":21}},"loc":{"start":{"line":57,"column":38},"end":{"line":61,"column":3}}},"9":{"name":"(anonymous_9)","decl":{"start":{"line":62,"column":23},"end":{"line":62,"column":24}},"loc":{"start":{"line":62,"column":38},"end":{"line":64,"column":3}}},"10":{"name":"(anonymous_10)","decl":{"start":{"line":66,"column":23},"end":{"line":66,"column":24}},"loc":{"start":{"line":66,"column":38},"end":{"line":68,"column":3}}}},"branchMap":{"0":{"loc":{"start":{"line":14,"column":2},"end":{"line":30,"column":3}},"type":"switch","locations":[{"start":{"line":15,"column":4},"end":{"line":19,"column":8}},{"start":{"line":20,"column":4},"end":{"line":21,"column":62}},{"start":{"line":22,"column":4},"end":{"line":25,"column":8}},{"start":{"line":26,"column":4},"end":{"line":27,"column":28}},{"start":{"line":28,"column":4},"end":{"line":29,"column":19}}]},"1":{"loc":{"start":{"line":24,"column":8},"end":{"line":24,"column":87}},"type":"cond-expr","locations":[{"start":{"line":24,"column":37},"end":{"line":24,"column":80}},{"start":{"line":24,"column":83},"end":{"line":24,"column":87}}]},"2":{"loc":{"start":{"line":47,"column":4},"end":{"line":54,"column":5}},"type":"if","locations":[{"start":{"line":47,"column":4},"end":{"line":54,"column":5}}]},"3":{"loc":{"start":{"line":58,"column":4},"end":{"line":60,"column":5}},"type":"if","locations":[{"start":{"line":58,"column":4},"end":{"line":60,"column":5}}]}},"s":{"0":0,"1":0,"2":0,"3":0,"4":0,"5":0,"6":0,"7":0,"8":0,"9":0,"10":0,"11":0,"12":0,"13":0,"14":0,"15":0,"16":0,"17":0,"18":0,"19":0,"20":0,"21":0,"22":0,"23":0,"24":0,"25":0,"26":0,"27":0,"28":0,"29":0,"30":0,"31":0,"32":0,"33":0,"34":0,"35":0},"f":{"0":0,"1":0,"2":0,"3":0,"4":0,"5":0,"6":0,"7":0,"8":0,"9":0,"10":0},"b":{"0":[0,0,0,0,0],"1":[0,0],"2":[0],"3":[0]}}
}
