TN:
SF:src\App.tsx
FN:3,App
FNF:1
FNH:0
FNDA:0,App
DA:1,0
DA:2,0
DA:4,0
DA:11,0
LF:4
LH:0
BRF:0
BRH:0
end_of_record
TN:
SF:src\components\layout\MainLayout.tsx
FN:6,MainLayout
FNF:1
FNH:0
FNDA:0,MainLayout
DA:1,0
DA:7,0
DA:17,0
LF:3
LH:0
BRF:0
BRH:0
end_of_record
TN:
SF:src\components\todo\TodoInput.tsx
FN:7,TodoInput
FN:9,(anonymous_2)
FN:33,(anonymous_3)
FNF:3
FNH:2
FNDA:1,TodoInput
FNDA:1,(anonymous_2)
FNDA:0,(anonymous_3)
DA:1,1
DA:2,1
DA:8,1
DA:9,1
DA:10,1
DA:11,1
DA:12,1
DA:14,1
DA:33,0
DA:46,1
LF:10
LH:9
BRF:0
BRH:0
end_of_record
TN:
SF:src\components\todo\TodoItem.tsx
FN:11,TodoItem
FN:17,(anonymous_2)
FN:22,(anonymous_3)
FNF:3
FNH:0
FNDA:0,TodoItem
FNDA:0,(anonymous_2)
FNDA:0,(anonymous_3)
DA:3,2
DA:11,2
DA:12,0
DA:17,0
DA:22,0
LF:5
LH:2
BRDA:20,0,0,0
BRDA:20,0,1,0
BRF:2
BRH:0
end_of_record
TN:
SF:src\components\todo\TodoList.tsx
FN:10,TodoList
FN:21,(anonymous_2)
FNF:2
FNH:0
FNDA:0,TodoList
FNDA:0,(anonymous_2)
DA:2,1
DA:10,1
DA:11,0
DA:12,0
DA:19,0
DA:22,0
LF:6
LH:2
BRDA:11,0,0,0
BRF:1
BRH:0
end_of_record
TN:
SF:src\features\todos\TodosSection.tsx
FN:5,TodosSection
FNF:1
FNH:0
FNDA:0,TodosSection
DA:1,0
DA:2,0
DA:3,0
DA:5,0
DA:6,0
DA:8,0
LF:6
LH:0
BRDA:12,0,0,0
BRDA:12,0,1,0
BRF:2
BRH:0
end_of_record
TN:
SF:src\features\todos\hooks\useTodos.ts
FN:13,todoReducer
FN:21,(anonymous_1)
FN:23,(anonymous_2)
FN:33,useTodos
FN:36,(anonymous_4)
FN:37,(anonymous_5)
FN:43,(anonymous_6)
FN:46,(anonymous_7)
FN:57,(anonymous_8)
FN:62,(anonymous_9)
FN:66,(anonymous_10)
FNF:11
FNH:0
FNDA:0,todoReducer
FNDA:0,(anonymous_1)
FNDA:0,(anonymous_2)
FNDA:0,useTodos
FNDA:0,(anonymous_4)
FNDA:0,(anonymous_5)
FNDA:0,(anonymous_6)
FNDA:0,(anonymous_7)
FNDA:0,(anonymous_8)
FNDA:0,(anonymous_9)
FNDA:0,(anonymous_10)
DA:1,0
DA:3,0
DA:5,0
DA:14,0
DA:16,0
DA:21,0
DA:23,0
DA:24,0
DA:27,0
DA:29,0
DA:33,0
DA:34,0
DA:35,0
DA:36,0
DA:37,0
DA:38,0
DA:39,0
DA:40,0
DA:41,0
DA:43,0
DA:46,0
DA:47,0
DA:48,0
DA:49,0
DA:50,0
DA:52,0
DA:57,0
DA:58,0
DA:59,0
DA:62,0
DA:63,0
DA:66,0
DA:67,0
DA:70,0
LF:34
LH:0
BRDA:14,0,0,0
BRDA:14,0,1,0
BRDA:14,0,2,0
BRDA:14,0,3,0
BRDA:14,0,4,0
BRDA:24,1,0,0
BRDA:24,1,1,0
BRDA:47,2,0,0
BRDA:58,3,0,0
BRF:9
BRH:0
end_of_record
